<?xml version="1.0" encoding="UTF-8"?>
<!-- Generated by org.testng.reporters.JUnitXMLReporter -->
<testsuite ignored="0" hostname="RajathPai" failures="1" tests="3" name="Error Validation Test" time="48.197" errors="0" timestamp="2025-11-27T22:23:46 IST">
  <testcase classname="SeleniumTest.Tests.ErrorValidationsTest" name="loginErrorValidation" time="7.305">
    <skipped/>
  </testcase> <!-- loginErrorValidation -->
  <testcase classname="SeleniumTest.Tests.ErrorValidationsTest" name="loginErrorValidation" time="2.924">
    <failure type="java.lang.AssertionError" message="expected [Incorrect email or password.] but found [Incorrect email  password.]">
      <![CDATA[java.lang.AssertionError: expected [Incorrect email or password.] but found [Incorrect email  password.]
at SeleniumTest.Tests.ErrorValidationsTest.loginErrorValidation(ErrorValidationsTest.java:24)
at java.base/java.util.ArrayList.forEach(ArrayList.java:1604)
at java.base/java.util.concurrent.FutureTask.run(FutureTask.java:328)
at java.base/java.util.concurrent.ThreadPoolExecutor.runWorker(ThreadPoolExecutor.java:1090)
at java.base/java.util.concurrent.ThreadPoolExecutor$Worker.run(ThreadPoolExecutor.java:614)
at java.base/java.lang.Thread.run(Thread.java:1474)
... Removed 21 stack frames]]>
    </failure>
  </testcase> <!-- loginErrorValidation -->
  <testcase classname="SeleniumTest.Tests.ErrorValidationsTest" name="productErrorValidation" time="8.033"/>
</testsuite> <!-- Error Validation Test -->
