<?xml version="1.0" encoding="UTF-8"?>
<!-- Generated by org.testng.reporters.JUnitXMLReporter -->
<testsuite ignored="1" hostname="RajathPai" failures="0" tests="2" name="Submit Order" time="33.116" errors="0" timestamp="2025-12-03T20:15:43 IST">
  <testcase classname="SeleniumTest.Tests.SubmitOrderTest" name="submitOrder" time="5.316"/>
  <testcase classname="SeleniumTest.Tests.SubmitOrderTest" name="submitOrder" time="5.154"/>
  <testcase classname="SeleniumTest.Tests.SubmitOrderTest" name="dependencyOrderTest" time="0.0">
    <ignored/>
  </testcase> <!-- dependencyOrderTest -->
</testsuite> <!-- Submit Order -->
