<?xml version="1.0" encoding="UTF-8"?>
<!-- Generated by org.testng.reporters.JUnitXMLReporter -->
<testsuite ignored="0" hostname="RajathPai" failures="0" tests="3" name="Submit Order Test" time="54.272" errors="0" timestamp="2025-11-27T22:23:49 IST">
  <testcase classname="SeleniumTest.Tests.SubmitOrderTest" name="submitOrder" time="19.571"/>
  <testcase classname="SeleniumTest.Tests.SubmitOrderTest" name="submitOrder" time="8.691"/>
  <testcase classname="SeleniumTest.Tests.SubmitOrderTest" name="dependencyOrderTest" time="4.628"/>
</testsuite> <!-- Submit Order Test -->
