<?xml version="1.0" encoding="UTF-8"?>
<!-- Generated by org.testng.reporters.JUnitXMLReporter -->
<testsuite ignored="0" hostname="RajathPai" failures="0" tests="2" name="Error Validation Test" time="10.437" errors="0" timestamp="2025-12-14T10:09:35 IST">
  <testcase classname="SeleniumTest.Tests.ErrorValidationsTest" name="loginErrorValidation" time="2.977"/>
  <testcase classname="SeleniumTest.Tests.ErrorValidationsTest" name="productErrorValidation" time="3.214"/>
</testsuite> <!-- Error Validation Test -->
