<?xml version="1.0" encoding="UTF-8"?>
<!-- Generated by org.testng.reporters.JUnitXMLReporter -->
<testsuite ignored="2" hostname="RajathPai" failures="0" tests="0" time="0.028" errors="0" timestamp="2025-12-14T10:02:23 IST">
  <testcase classname="SeleniumTest.Tests.SubmitOrderTest" name="dependencyOrderTest" time="0.0">
    <ignored/>
  </testcase> <!-- dependencyOrderTest -->
  <testcase classname="SeleniumTest.Tests.SubmitOrderTest" name="submitOrder" time="0.0">
    <ignored/>
  </testcase> <!-- submitOrder -->
</testsuite>
