<?xml version="1.0" encoding="UTF-8"?>
<!-- Generated by org.testng.reporters.JUnitXMLReporter -->
<testsuite ignored="0" hostname="RajathPai" failures="0" tests="3" name="Submit Order Test" time="20.959" errors="0" timestamp="2025-12-14T10:09:44 IST">
  <testcase classname="SeleniumTest.Tests.SubmitOrderTest" name="submitOrder" time="5.464"/>
  <testcase classname="SeleniumTest.Tests.SubmitOrderTest" name="submitOrder" time="4.825"/>
  <testcase classname="SeleniumTest.Tests.SubmitOrderTest" name="dependencyOrderTest" time="4.166"/>
</testsuite> <!-- Submit Order Test -->
