<?xml version="1.0" encoding="UTF-8"?>
<!-- Generated by org.testng.reporters.JUnitReportReporter -->
<testsuite hostname="RajathPai" failures="0" tests="2" name="SeleniumTest.Tests.SubmitOrderTest" time="32.832" errors="0" timestamp="2025-12-03T20:15:43 IST" skipped="0">
  <testcase classname="SeleniumTest.Tests.SubmitOrderTest" name="submitOrder" time="11.582"/>
  <testcase classname="SeleniumTest.Tests.SubmitOrderTest" name="submitOrder" time="21.250"/>
</testsuite> <!-- SeleniumTest.Tests.SubmitOrderTest -->
