<?xml version="1.0" encoding="UTF-8"?>
<!-- Generated by org.testng.reporters.JUnitReportReporter -->
<testsuite hostname="RajathPai" failures="0" tests="3" name="SeleniumTest.Tests.SubmitOrderTest" time="20.764" errors="0" timestamp="2025-12-14T10:09:44 IST" skipped="0">
  <testcase classname="SeleniumTest.Tests.SubmitOrderTest" name="dependencyOrderTest" time="6.206"/>
  <testcase classname="SeleniumTest.Tests.SubmitOrderTest" name="submitOrder" time="6.657"/>
  <testcase classname="SeleniumTest.Tests.SubmitOrderTest" name="submitOrder" time="7.901"/>
</testsuite> <!-- SeleniumTest.Tests.SubmitOrderTest -->
