<?xml version="1.0" encoding="UTF-8"?>
<!-- Generated by org.testng.reporters.JUnitReportReporter -->
<testsuite hostname="RajathPai" failures="0" tests="2" name="SeleniumTest.Tests.ErrorValidationsTest" time="10.375" errors="0" timestamp="2025-12-14T10:09:44 IST" skipped="0">
  <testcase classname="SeleniumTest.Tests.ErrorValidationsTest" name="loginErrorValidation" time="4.945"/>
  <testcase classname="SeleniumTest.Tests.ErrorValidationsTest" name="productErrorValidation" time="5.430"/>
</testsuite> <!-- SeleniumTest.Tests.ErrorValidationsTest -->
